#
# There is insufficient memory for the Java Runtime Environment to continue.
# Native memory allocation (malloc) failed to allocate 1808816 bytes for Chunk::new
# Possible reasons:
#   The system is out of physical RAM or swap space
#   In 32 bit mode, the process size limit was hit
# Possible solutions:
#   Reduce memory load on the system
#   Increase physical memory or swap space
#   Check if swap backing store is full
#   Use 64 bit Java on a 64 bit OS
#   Decrease Java heap size (-Xmx/-Xms)
#   Decrease number of Java threads
#   Decrease Java thread stack sizes (-Xss)
#   Set larger code cache with -XX:ReservedCodeCacheSize=
# This output file may be truncated or incomplete.
#
#  Out of Memory Error (allocation.cpp:390), pid=95224, tid=0x0000000000014358
#
# JRE version: Java(TM) SE Runtime Environment (8.0_151-b12) (build 1.8.0_151-b12)
# Java VM: Java HotSpot(TM) 64-Bit Server VM (25.151-b12 mixed mode windows-amd64 compressed oops)
# Failed to write core dump. Minidumps are not enabled by default on client versions of Windows
#

---------------  T H R E A D  ---------------

Current thread (0x000000004dfdc000):  JavaThread "C2 CompilerThread0" daemon [_thread_in_native, id=82776, stack(0x000000004e6e0000,0x000000004e7e0000)]

Stack: [0x000000004e6e0000,0x000000004e7e0000]
[error occurred during error reporting (printing stack bounds), id 0xc0000005]

Native frames: (J=compiled Java code, j=interpreted, Vv=VM code, C=native code)


Current CompileTask:
C2:  77450 13954       4       scala.reflect.internal.tpe.TypeComparers::firstTry$1 (514 bytes)


---------------  P R O C E S S  ---------------

Java Threads: ( => current thread )
  0x0000000052643800 JavaThread "play-dev-mode-akka.actor.default-dispatcher-12" [_thread_blocked, id=94728, stack(0x000000005c5d0000,0x000000005c6d0000)]
  0x0000000052643000 JavaThread "play-dev-mode-akka.actor.default-dispatcher-10" [_thread_blocked, id=94732, stack(0x000000005ad40000,0x000000005ae40000)]
  0x0000000052642000 JavaThread "play-dev-mode-akka.actor.default-dispatcher-11" [_thread_blocked, id=75096, stack(0x000000005c420000,0x000000005c520000)]
  0x0000000052641800 JavaThread "play-dev-mode-akka.actor.default-dispatcher-9" [_thread_blocked, id=94692, stack(0x0000000056b50000,0x0000000056c50000)]
  0x0000000052640800 JavaThread "play-dev-mode-akka.actor.default-dispatcher-8" [_thread_blocked, id=94796, stack(0x000000005c1a0000,0x000000005c2a0000)]
  0x0000000052640000 JavaThread "play-dev-mode-akka.actor.default-dispatcher-7" [_thread_blocked, id=94868, stack(0x0000000058450000,0x0000000058550000)]
  0x000000005263f000 JavaThread "Scala Presentation Compiler []" daemon [_thread_blocked, id=95156, stack(0x000000005b660000,0x000000005b760000)]
  0x000000005354e800 JavaThread "pool-5-thread-6" [_thread_blocked, id=94928, stack(0x000000005af60000,0x000000005b060000)]
  0x000000005354e000 JavaThread "pool-5-thread-5" [_thread_blocked, id=94032, stack(0x000000005a630000,0x000000005a730000)]
  0x000000005354d000 JavaThread "pool-5-thread-4" [_thread_blocked, id=90668, stack(0x000000005ae60000,0x000000005af60000)]
  0x000000005354c800 JavaThread "pool-5-thread-3" [_thread_in_Java, id=94416, stack(0x000000005ab30000,0x000000005ac30000)]
  0x000000005354b800 JavaThread "pool-5-thread-2" [_thread_blocked, id=94876, stack(0x0000000059a70000,0x0000000059b70000)]
  0x0000000053546800 JavaThread "pool-5-thread-1" [_thread_blocked, id=94872, stack(0x000000004f5b0000,0x000000004f6b0000)]
  0x000000005354a000 JavaThread "play-dev-mode-akka.io.pinned-dispatcher-6" [_thread_in_native, id=95028, stack(0x000000005ac40000,0x000000005ad40000)]
  0x0000000053548800 JavaThread "play-dev-mode-akka.actor.default-dispatcher-5" [_thread_blocked, id=95024, stack(0x00000000598f0000,0x00000000599f0000)]
  0x0000000053547000 JavaThread "play-dev-mode-akka.actor.default-dispatcher-4" [_thread_blocked, id=95044, stack(0x0000000059bf0000,0x0000000059cf0000)]
  0x0000000053545800 JavaThread "play-dev-mode-akka.actor.default-dispatcher-2" [_thread_blocked, id=95020, stack(0x0000000058ac0000,0x0000000058bc0000)]
  0x0000000053545000 JavaThread "play-dev-mode-scheduler-1" [_thread_blocked, id=94892, stack(0x0000000058660000,0x0000000058760000)]
  0x0000000053543800 JavaThread "reloader-timer" daemon [_thread_blocked, id=93648, stack(0x0000000058da0000,0x0000000058ea0000)]
  0x0000000053542800 JavaThread "sbt-play-watch-service" daemon [_thread_blocked, id=92636, stack(0x0000000058bd0000,0x0000000058cd0000)]
  0x0000000053542000 JavaThread "Thread-1" daemon [_thread_in_native, id=91824, stack(0x0000000058950000,0x0000000058a50000)]
  0x0000000050fd9800 JavaThread "pool-4-thread-5" [_thread_blocked, id=93656, stack(0x0000000058780000,0x0000000058880000)]
  0x000000004e1b9800 JavaThread "pool-4-thread-4" [_thread_blocked, id=93644, stack(0x0000000058560000,0x0000000058660000)]
  0x000000004e1b8800 JavaThread "pool-4-thread-3" [_thread_in_native, id=94772, stack(0x0000000058350000,0x0000000058450000)]
  0x000000004e1b7000 JavaThread "pool-4-thread-2" [_thread_blocked, id=94844, stack(0x0000000058210000,0x0000000058310000)]
  0x000000004e1b4000 JavaThread "pool-4-thread-1" [_thread_blocked, id=94856, stack(0x0000000057d50000,0x0000000057e50000)]
  0x000000005207f000 JavaThread "sbt-web-akka.actor.default-dispatcher-4" [_thread_blocked, id=94860, stack(0x0000000057ee0000,0x0000000057fe0000)]
  0x000000004f424800 JavaThread "sbt-web-scheduler-1" [_thread_blocked, id=94864, stack(0x0000000057810000,0x0000000057910000)]
  0x000000004e056000 JavaThread "Service Thread" daemon [_thread_blocked, id=83288, stack(0x000000004e990000,0x000000004ea90000)]
  0x000000004dfe2000 JavaThread "C1 CompilerThread2" daemon [_thread_in_vm, id=94356, stack(0x000000004e810000,0x000000004e910000)]
  0x000000004dfe1800 JavaThread "C2 CompilerThread1" daemon [_thread_in_native, id=94132, stack(0x000000004e5a0000,0x000000004e6a0000)]
=>0x000000004dfdc000 JavaThread "C2 CompilerThread0" daemon [_thread_in_native, id=82776, stack(0x000000004e6e0000,0x000000004e7e0000)]
  0x000000004dfc8800 JavaThread "Attach Listener" daemon [_thread_blocked, id=93680, stack(0x000000004dd80000,0x000000004de80000)]
  0x000000004ca5f000 JavaThread "Signal Dispatcher" daemon [_thread_blocked, id=93652, stack(0x000000004e440000,0x000000004e540000)]
  0x000000004ca3a800 JavaThread "Finalizer" daemon [_thread_blocked, id=91508, stack(0x000000004dec0000,0x000000004dfc0000)]
  0x000000004c9f3800 JavaThread "Reference Handler" daemon [_thread_blocked, id=93928, stack(0x000000004da70000,0x000000004db70000)]
  0x000000000241f000 JavaThread "main" [_thread_blocked, id=91856, stack(0x00000000025c0000,0x00000000026c0000)]

Other Threads:
  0x000000004c9ec000 VMThread [stack: 0x000000004dc30000,0x000000004dd30000] [id=94272]
  0x000000004dfeb800 WatcherThread [stack: 0x000000004eb50000,0x000000004ec50000] [id=87224]

VM state:not at safepoint (normal execution)

VM Mutex/Monitor currently owned by a thread: None

Heap:
 PSYoungGen      total 93184K, used 40324K [0x00000000f5580000, 0x0000000100000000, 0x0000000100000000)
  eden space 60928K, 66% used [0x00000000f5580000,0x00000000f7ce1260,0x00000000f9100000)
  from space 32256K, 0% used [0x00000000fe080000,0x00000000fe080000,0x0000000100000000)
  to   space 56832K, 0% used [0x00000000f9100000,0x00000000f9100000,0x00000000fc880000)
 ParOldGen       total 141312K, used 109774K [0x00000000e0000000, 0x00000000e8a00000, 0x00000000f5580000)
  object space 141312K, 77% used [0x00000000e0000000,0x00000000e6b33988,0x00000000e8a00000)
 Metaspace       used 111547K, capacity 116185K, committed 119400K, reserved 1148928K
  class space    used 18741K, capacity 19129K, committed 19840K, reserved 1048576K

Card table byte_map: [0x0000000002420000,0x0000000002530000] byte_map_base: 0x0000000001d20000

Marking Bits: (ParMarkBitMap*) 0x000000005fc2d850
 Begin Bits: [0x000000000b060000, 0x000000000b860000)
 End Bits:   [0x000000000b860000, 0x000000000c060000)

Polling page: 0x0000000000430000

CodeCache: size=131072Kb used=36384Kb max_used=36384Kb free=94687Kb
 bounds [0x00000000026c0000, 0x0000000004a70000, 0x000000000a6c0000]
 total_blobs=12629 nmethods=12020 adapters=515
 compilation: enabled

Compilation events (10 events):
Event: 77.407 Thread 0x000000004dfe2000 nmethod 14187 0x0000000004a62090 code [0x0000000004a621e0, 0x0000000004a622f0]
Event: 77.410 Thread 0x000000004dfe1800 nmethod 14163 0x0000000004a61d90 code [0x0000000004a61ee0, 0x0000000004a61fa8]
Event: 77.410 Thread 0x000000004dfe1800 13830       4       scala.reflect.internal.SymbolTable::isConstantType (6 bytes)
Event: 77.415 Thread 0x000000004dfe1800 nmethod 13830 0x0000000004a61b10 code [0x0000000004a61c40, 0x0000000004a61cd8]
Event: 77.415 Thread 0x000000004dfe1800 14143       4       scala.reflect.internal.Types$CompoundType::baseType (28 bytes)
Event: 77.416 Thread 0x000000004dfe2000 14188       2       scala.reflect.internal.Types$SubType::baseType (9 bytes)
Event: 77.416 Thread 0x000000004dfe2000 nmethod 14188 0x0000000004a61750 code [0x0000000004a618c0, 0x0000000004a61a58]
Event: 77.418 Thread 0x000000004dfe2000 14189       1       scala.tools.nsc.Global$$anon$1::scala$tools$nsc$typechecker$Implicits$$improvesCache (5 bytes)
Event: 77.419 Thread 0x000000004dfe2000 nmethod 14189 0x0000000004a61490 code [0x0000000004a615e0, 0x0000000004a616f0]
Event: 77.422 Thread 0x000000004dfe2000 14190       1       scala.reflect.internal.Types$TypeVar::params (4 bytes)

GC Heap History (10 events):
Event: 61.695 GC heap before
{Heap before GC invocations=20 (full 5):
 PSYoungGen      total 137216K, used 119296K [0x00000000f5580000, 0x00000000ff480000, 0x0000000100000000)
  eden space 119296K, 100% used [0x00000000f5580000,0x00000000fca00000,0x00000000fca00000)
  from space 17920K, 0% used [0x00000000fdd80000,0x00000000fdd80000,0x00000000fef00000)
  to   space 19968K, 0% used [0x00000000fca00000,0x00000000fca00000,0x00000000fdd80000)
 ParOldGen       total 141312K, used 30312K [0x00000000e0000000, 0x00000000e8a00000, 0x00000000f5580000)
  object space 141312K, 21% used [0x00000000e0000000,0x00000000e1d9a308,0x00000000e8a00000)
 Metaspace       used 78233K, capacity 80752K, committed 81024K, reserved 1116160K
  class space    used 14064K, capacity 14364K, committed 14464K, reserved 1048576K
Event: 61.726 GC heap after
Heap after GC invocations=20 (full 5):
 PSYoungGen      total 139264K, used 19942K [0x00000000f5580000, 0x0000000100000000, 0x0000000100000000)
  eden space 119296K, 0% used [0x00000000f5580000,0x00000000f5580000,0x00000000fca00000)
  from space 19968K, 99% used [0x00000000fca00000,0x00000000fdd79a78,0x00000000fdd80000)
  to   space 24064K, 0% used [0x00000000fe880000,0x00000000fe880000,0x0000000100000000)
 ParOldGen       total 141312K, used 32665K [0x00000000e0000000, 0x00000000e8a00000, 0x00000000f5580000)
  object space 141312K, 23% used [0x00000000e0000000,0x00000000e1fe67e0,0x00000000e8a00000)
 Metaspace       used 78233K, capacity 80752K, committed 81024K, reserved 1116160K
  class space    used 14064K, capacity 14364K, committed 14464K, reserved 1048576K
}
Event: 63.278 GC heap before
{Heap before GC invocations=21 (full 5):
 PSYoungGen      total 139264K, used 139238K [0x00000000f5580000, 0x0000000100000000, 0x0000000100000000)
  eden space 119296K, 100% used [0x00000000f5580000,0x00000000fca00000,0x00000000fca00000)
  from space 19968K, 99% used [0x00000000fca00000,0x00000000fdd79a78,0x00000000fdd80000)
  to   space 24064K, 0% used [0x00000000fe880000,0x00000000fe880000,0x0000000100000000)
 ParOldGen       total 141312K, used 32665K [0x00000000e0000000, 0x00000000e8a00000, 0x00000000f5580000)
  object space 141312K, 23% used [0x00000000e0000000,0x00000000e1fe67e0,0x00000000e8a00000)
 Metaspace       used 85624K, capacity 88134K, committed 88576K, reserved 1122304K
  class space    used 15479K, capacity 15788K, committed 15872K, reserved 1048576K
Event: 63.364 GC heap after
Heap after GC invocations=21 (full 5):
 PSYoungGen      total 134144K, used 24036K [0x00000000f5580000, 0x0000000100000000, 0x0000000100000000)
  eden space 110080K, 0% used [0x00000000f5580000,0x00000000f5580000,0x00000000fc100000)
  from space 24064K, 99% used [0x00000000fe880000,0x00000000ffff9150,0x0000000100000000)
  to   space 32256K, 0% used [0x00000000fc100000,0x00000000fc100000,0x00000000fe080000)
 ParOldGen       total 141312K, used 45944K [0x00000000e0000000, 0x00000000e8a00000, 0x00000000f5580000)
  object space 141312K, 32% used [0x00000000e0000000,0x00000000e2cde180,0x00000000e8a00000)
 Metaspace       used 85624K, capacity 88134K, committed 88576K, reserved 1122304K
  class space    used 15479K, capacity 15788K, committed 15872K, reserved 1048576K
}
Event: 67.817 GC heap before
{Heap before GC invocations=22 (full 5):
 PSYoungGen      total 134144K, used 134116K [0x00000000f5580000, 0x0000000100000000, 0x0000000100000000)
  eden space 110080K, 100% used [0x00000000f5580000,0x00000000fc100000,0x00000000fc100000)
  from space 24064K, 99% used [0x00000000fe880000,0x00000000ffff9150,0x0000000100000000)
  to   space 32256K, 0% used [0x00000000fc100000,0x00000000fc100000,0x00000000fe080000)
 ParOldGen       total 141312K, used 45944K [0x00000000e0000000, 0x00000000e8a00000, 0x00000000f5580000)
  object space 141312K, 32% used [0x00000000e0000000,0x00000000e2cde180,0x00000000e8a00000)
 Metaspace       used 102910K, capacity 106206K, committed 106368K, reserved 1136640K
  class space    used 18117K, capacity 18477K, committed 18560K, reserved 1048576K
Event: 67.885 GC heap after
Heap after GC invocations=22 (full 5):
 PSYoungGen      total 142336K, used 32240K [0x00000000f5580000, 0x0000000100000000, 0x0000000100000000)
  eden space 110080K, 0% used [0x00000000f5580000,0x00000000f5580000,0x00000000fc100000)
  from space 32256K, 99% used [0x00000000fc100000,0x00000000fe07c328,0x00000000fe080000)
  to   space 32256K, 0% used [0x00000000fe080000,0x00000000fe080000,0x0000000100000000)
 ParOldGen       total 141312K, used 74506K [0x00000000e0000000, 0x00000000e8a00000, 0x00000000f5580000)
  object space 141312K, 52% used [0x00000000e0000000,0x00000000e48c2a80,0x00000000e8a00000)
 Metaspace       used 102910K, capacity 106206K, committed 106368K, reserved 1136640K
  class space    used 18117K, capacity 18477K, committed 18560K, reserved 1048576K
}
Event: 73.235 GC heap before
{Heap before GC invocations=23 (full 5):
 PSYoungGen      total 142336K, used 101843K [0x00000000f5580000, 0x0000000100000000, 0x0000000100000000)
  eden space 110080K, 63% used [0x00000000f5580000,0x00000000f9978b40,0x00000000fc100000)
  from space 32256K, 99% used [0x00000000fc100000,0x00000000fe07c328,0x00000000fe080000)
  to   space 32256K, 0% used [0x00000000fe080000,0x00000000fe080000,0x0000000100000000)
 ParOldGen       total 141312K, used 74506K [0x00000000e0000000, 0x00000000e8a00000, 0x00000000f5580000)
  object space 141312K, 52% used [0x00000000e0000000,0x00000000e48c2a80,0x00000000e8a00000)
 Metaspace       used 114195K, capacity 118615K, committed 118760K, reserved 1148928K
  class space    used 19215K, capacity 19615K, committed 19712K, reserved 1048576K
Event: 73.351 GC heap after
Heap after GC invocations=23 (full 5):
 PSYoungGen      total 93184K, used 32239K [0x00000000f5580000, 0x0000000100000000, 0x0000000100000000)
  eden space 60928K, 0% used [0x00000000f5580000,0x00000000f5580000,0x00000000f9100000)
  from space 32256K, 99% used [0x00000000fe080000,0x00000000ffffbe80,0x0000000100000000)
  to   space 56832K, 0% used [0x00000000f9100000,0x00000000f9100000,0x00000000fc880000)
 ParOldGen       total 141312K, used 91809K [0x00000000e0000000, 0x00000000e8a00000, 0x00000000f5580000)
  object space 141312K, 64% used [0x00000000e0000000,0x00000000e59a8778,0x00000000e8a00000)
 Metaspace       used 114195K, capacity 118615K, committed 118760K, reserved 1148928K
  class space    used 19215K, capacity 19615K, committed 19712K, reserved 1048576K
}
Event: 73.351 GC heap before
{Heap before GC invocations=24 (full 6):
 PSYoungGen      total 93184K, used 32239K [0x00000000f5580000, 0x0000000100000000, 0x0000000100000000)
  eden space 60928K, 0% used [0x00000000f5580000,0x00000000f5580000,0x00000000f9100000)
  from space 32256K, 99% used [0x00000000fe080000,0x00000000ffffbe80,0x0000000100000000)
  to   space 56832K, 0% used [0x00000000f9100000,0x00000000f9100000,0x00000000fc880000)
 ParOldGen       total 141312K, used 91809K [0x00000000e0000000, 0x00000000e8a00000, 0x00000000f5580000)
  object space 141312K, 64% used [0x00000000e0000000,0x00000000e59a8778,0x00000000e8a00000)
 Metaspace       used 114195K, capacity 118615K, committed 118760K, reserved 1148928K
  class space    used 19215K, capacity 19615K, committed 19712K, reserved 1048576K
Event: 73.959 GC heap after
Heap after GC invocations=24 (full 6):
 PSYoungGen      total 93184K, used 0K [0x00000000f5580000, 0x0000000100000000, 0x0000000100000000)
  eden space 60928K, 0% used [0x00000000f5580000,0x00000000f5580000,0x00000000f9100000)
  from space 32256K, 0% used [0x00000000fe080000,0x00000000fe080000,0x0000000100000000)
  to   space 56832K, 0% used [0x00000000f9100000,0x00000000f9100000,0x00000000fc880000)
 ParOldGen       total 141312K, used 109774K [0x00000000e0000000, 0x00000000e8a00000, 0x00000000f5580000)
  object space 141312K, 77% used [0x00000000e0000000,0x00000000e6b33988,0x00000000e8a00000)
 Metaspace       used 109961K, capacity 114255K, committed 118760K, reserved 1148928K
  class space    used 18552K, capacity 18920K, committed 19712K, reserved 1048576K
}

Deoptimization events (10 events):
Event: 76.143 Thread 0x000000005354c800 Uncommon trap: reason=speculate_class_check action=maybe_recompile pc=0x0000000004734330 method=scala.reflect.internal.Trees.traverseComponents$1(Lscala/reflect/api/Trees$Traverser;Lscala/reflect/internal/Trees$Tree;)V @ 402
Event: 76.149 Thread 0x000000005354c800 Uncommon trap: reason=bimorphic action=maybe_recompile pc=0x00000000046a4710 method=scala.reflect.internal.tpe.TypeMaps$AsSeenFromMap.scala$reflect$internal$tpe$TypeMaps$AsSeenFromMap$$matchesPrefixAndClass(Lscala/reflect/internal/Types$Type;Lscala/reflec
Event: 76.169 Thread 0x000000005354c800 Uncommon trap: reason=class_check action=maybe_recompile pc=0x00000000046e911c method=scala.tools.nsc.typechecker.Implicits$ImplicitSearch$ImplicitComputation.survives(Lscala/tools/nsc/typechecker/Implicits$ImplicitInfo;)Z @ 37
Event: 76.169 Thread 0x000000005354c800 Uncommon trap: reason=class_check action=maybe_recompile pc=0x00000000046e911c method=scala.tools.nsc.typechecker.Implicits$ImplicitSearch$ImplicitComputation.survives(Lscala/tools/nsc/typechecker/Implicits$ImplicitInfo;)Z @ 37
Event: 76.316 Thread 0x000000005354c800 Uncommon trap: reason=bimorphic action=maybe_recompile pc=0x00000000048f85fc method=scala.reflect.internal.tpe.TypeMaps$TypeMap.mapOver(Lscala/reflect/internal/Types$Type;)Lscala/reflect/internal/Types$Type; @ 422
Event: 76.336 Thread 0x000000005354c800 Uncommon trap: reason=unstable_if action=reinterpret pc=0x00000000048f82e8 method=scala.reflect.internal.Types.copyMethodType(Lscala/reflect/internal/Types$Type;Lscala/collection/immutable/List;Lscala/reflect/internal/Types$Type;)Lscala/reflect/internal/T
Event: 76.405 Thread 0x000000005354c800 Uncommon trap: reason=unstable_if action=reinterpret pc=0x0000000002bc49a4 method=scala.reflect.internal.Types.hasLength(Lscala/collection/immutable/List;I)Z @ 6
Event: 76.624 Thread 0x000000005354c800 Uncommon trap: reason=unstable_if action=reinterpret pc=0x0000000003b28284 method=scala.LowPriorityImplicits.wrapRefArray([Ljava/lang/Object;)Lscala/collection/mutable/WrappedArray; @ 9
Event: 76.984 Thread 0x000000005354c800 Uncommon trap: reason=unstable_if action=reinterpret pc=0x00000000049e364c method=scala.reflect.internal.Trees.traverseComponents$1(Lscala/reflect/api/Trees$Traverser;Lscala/reflect/internal/Trees$Tree;)V @ 134
Event: 77.040 Thread 0x000000005354c800 Uncommon trap: reason=unstable_if action=reinterpret pc=0x0000000004926bbc method=scala.reflect.internal.Types.typeDepth(Lscala/reflect/internal/Types$Type;)I @ 282

Internal exceptions (10 events):
Event: 76.330 Thread 0x000000005354c800 Exception <a 'java/lang/NoSuchMethodError': java.lang.Object.$anonfun$lubList$2(Lscala/reflect/internal/Types$Type;)Lscala/reflect/internal/Symbols$Symbol;> (0x00000000f6ef0f98) thrown at [C:\re\workspace\8-2-build-windows-amd64-cygwin\jdk8u151\9699\hotsp
Event: 76.332 Thread 0x000000005354c800 Exception <a 'java/lang/NoSuchMethodError': java.lang.Object.$anonfun$glbNorm$6(Lscala/reflect/internal/Types$Type;)Lscala/collection/immutable/List;> (0x00000000f6ef7800) thrown at [C:\re\workspace\8-2-build-windows-amd64-cygwin\jdk8u151\9699\hotspot\src
Event: 76.333 Thread 0x000000005354c800 Exception <a 'java/lang/NoSuchMethodError': java.lang.Object.$anonfun$glbNorm$16(Lscala/reflect/internal/Types$Type;)Lscala/collection/immutable/List;> (0x00000000f6f00c50) thrown at [C:\re\workspace\8-2-build-windows-amd64-cygwin\jdk8u151\9699\hotspot\sr
Event: 76.340 Thread 0x000000005354c800 Exception <a 'java/lang/NoSuchMethodError': java.lang.Object.$anonfun$lub$2$adapted(Lscala/reflect/internal/Types$Type;)Ljava/lang/Object;> (0x00000000f6f13298) thrown at [C:\re\workspace\8-2-build-windows-amd64-cygwin\jdk8u151\9699\hotspot\src\share\vm\i
Event: 76.613 Thread 0x000000005354c800 Exception <a 'java/lang/NoSuchMethodError': java.lang.Object.$anonfun$makeNamedTypes$1(Lscala/tools/nsc/typechecker/NamesDefaults;Lscala/reflect/internal/Symbols$Symbol;)Lscala/reflect/internal/Types$NamedType;> (0x00000000f7218650) thrown at [C:\re\works
Event: 76.622 Thread 0x000000005354c800 Exception <a 'java/lang/NoSuchMethodError': java.lang.Object.$anonfun$allArgsArePositional$1([II)Z> (0x00000000f725b858) thrown at [C:\re\workspace\8-2-build-windows-amd64-cygwin\jdk8u151\9699\hotspot\src\share\vm\interpreter\linkResolver.cpp, line 618]
Event: 76.654 Thread 0x000000005354c800 Exception <a 'java/lang/NoSuchMethodError': java.lang.Object.$anonfun$solve$2(Lscala/collection/immutable/List;Lscala/collection/immutable/List;Lscala/reflect/internal/Types$TypeVar;Lscala/reflect/internal/Types$Type;)Ljava/lang/String;> (0x00000000f72dfb
Event: 77.002 Thread 0x000000005354c800 Exception <a 'java/lang/NoSuchMethodError': java.lang.Object.$anonfun$scrutConformsToPatternType$1(Lscala/tools/nsc/typechecker/Checkable;Lscala/reflect/internal/Types$Type;)Lscala/reflect/internal/Types$Type;> (0x00000000f765c580) thrown at [C:\re\worksp
Event: 77.023 Thread 0x000000005354c800 Exception <a 'java/lang/NoSuchMethodError': java.lang.Object.$anonfun$existentialsInType$1(Lscala/reflect/internal/Types$Type;)Lscala/reflect/internal/Symbols$Symbol;> (0x00000000f76ca278) thrown at [C:\re\workspace\8-2-build-windows-amd64-cygwin\jdk8u151
Event: 77.025 Thread 0x000000005354c800 Exception <a 'java/lang/NoSuchMethodError': java.lang.Object.$anonfun$newExtractor$1(Lscala/reflect/internal/Types$Type;Lscala/collection/immutable/List;Lscala/tools/nsc/transform/patmat/PatternExpander$Repeated;Lscala/reflect/internal/Types$Type;)Ljava/l

Events (10 events):
Event: 77.040 Thread 0x000000005354c800 DEOPT PACKING pc=0x0000000004926bbc sp=0x000000005ac279c0
Event: 77.040 Thread 0x000000005354c800 DEOPT UNPACKING pc=0x000000000270582a sp=0x000000005ac278f8 mode 2
Event: 77.045 loading class scala/tools/nsc/typechecker/Infer$Inferencer
Event: 77.045 loading class scala/tools/nsc/typechecker/Infer$Inferencer done
Event: 77.045 loading class scala/tools/nsc/typechecker/Infer$Inferencer
Event: 77.045 loading class scala/tools/nsc/typechecker/Infer$Inferencer done
Event: 77.075 loading class scala/tools/nsc/typechecker/Infer$Inferencer
Event: 77.075 loading class scala/tools/nsc/typechecker/Infer$Inferencer done
Event: 77.075 loading class scala/tools/nsc/typechecker/Infer$Inferencer
Event: 77.075 loading class scala/tools/nsc/typechecker/Infer$Inferencer done


Dynamic libraries:
0x000000013f050000 - 0x000000013f087000 	D:\Program Files\Java\jdk1.8.0_151\bin\java.exe
0x0000000077130000 - 0x00000000772da000 	C:\windows\SYSTEM32\ntdll.dll
0x0000000076f10000 - 0x000000007702f000 	C:\windows\system32\kernel32.dll
0x000007fefcfb0000 - 0x000007fefd01a000 	C:\windows\system32\KERNELBASE.dll
0x000007feff000000 - 0x000007feff0db000 	C:\windows\system32\ADVAPI32.dll
0x000007fefdc40000 - 0x000007fefdcdf000 	C:\windows\system32\msvcrt.dll
0x000007feff0e0000 - 0x000007feff0ff000 	C:\windows\SYSTEM32\sechost.dll
0x000007fefd5c0000 - 0x000007fefd6ed000 	C:\windows\system32\RPCRT4.dll
0x0000000077030000 - 0x000000007712a000 	C:\windows\system32\USER32.dll
0x000007fefec50000 - 0x000007fefecb7000 	C:\windows\system32\GDI32.dll
0x000007fefd320000 - 0x000007fefd32e000 	C:\windows\system32\LPK.dll
0x000007fefda30000 - 0x000007fefdafb000 	C:\windows\system32\USP10.dll
0x000007fefb5c0000 - 0x000007fefb7b4000 	C:\windows\WinSxS\amd64_microsoft.windows.common-controls_6595b64144ccf1df_6.0.7601.18837_none_fa3b1e3d17594757\COMCTL32.dll
0x000007fefebd0000 - 0x000007fefec41000 	C:\windows\system32\SHLWAPI.dll
0x000007feff410000 - 0x000007feff43e000 	C:\windows\system32\IMM32.DLL
0x000007fefeac0000 - 0x000007fefebc9000 	C:\windows\system32\MSCTF.dll
0x000007fefceb0000 - 0x000007fefcee2000 	C:\Windows\system32\nvinitx.dll
0x000000005ff20000 - 0x000000005fff2000 	D:\Program Files\Java\jdk1.8.0_151\jre\bin\msvcr100.dll
0x000000005f410000 - 0x000000005fcad000 	D:\Program Files\Java\jdk1.8.0_151\jre\bin\server\jvm.dll
0x000007fef6df0000 - 0x000007fef6df9000 	C:\windows\system32\WSOCK32.dll
0x000007fefea70000 - 0x000007fefeabd000 	C:\windows\system32\WS2_32.dll
0x000007fefd330000 - 0x000007fefd338000 	C:\windows\system32\NSI.dll
0x000007fef57f0000 - 0x000007fef582b000 	C:\windows\system32\WINMM.dll
0x000007fefbfb0000 - 0x000007fefbfbc000 	C:\windows\system32\VERSION.dll
0x00000000772f0000 - 0x00000000772f7000 	C:\windows\system32\PSAPI.DLL
0x0000000060e80000 - 0x0000000060e8f000 	D:\Program Files\Java\jdk1.8.0_151\jre\bin\verify.dll
0x0000000060e50000 - 0x0000000060e79000 	D:\Program Files\Java\jdk1.8.0_151\jre\bin\java.dll
0x0000000060d90000 - 0x0000000060da6000 	D:\Program Files\Java\jdk1.8.0_151\jre\bin\zip.dll
0x000007fefdce0000 - 0x000007fefea6a000 	C:\windows\system32\SHELL32.dll
0x000007fefd340000 - 0x000007fefd53c000 	C:\windows\system32\ole32.dll
0x000007fefcef0000 - 0x000007fefceff000 	C:\windows\system32\profapi.dll
0x0000000060d50000 - 0x0000000060d6a000 	D:\Program Files\Java\jdk1.8.0_151\jre\bin\net.dll
0x000007fefc6e0000 - 0x000007fefc735000 	C:\windows\system32\mswsock.dll
0x000007fefc6d0000 - 0x000007fefc6d7000 	C:\windows\System32\wship6.dll
0x0000000060d70000 - 0x0000000060d81000 	D:\Program Files\Java\jdk1.8.0_151\jre\bin\nio.dll
0x000007fefc740000 - 0x000007fefc758000 	C:\windows\system32\CRYPTSP.dll
0x000007fefc440000 - 0x000007fefc487000 	C:\windows\system32\rsaenh.dll
0x000007fefc1c0000 - 0x000007fefc1de000 	C:\windows\system32\USERENV.dll
0x000007fefcde0000 - 0x000007fefcdef000 	C:\windows\system32\CRYPTBASE.dll
0x000007fefbd20000 - 0x000007fefbd47000 	C:\windows\system32\IPHLPAPI.DLL
0x000007fefbd10000 - 0x000007fefbd1b000 	C:\windows\system32\WINNSI.DLL
0x000007fefb160000 - 0x000007fefb178000 	C:\windows\system32\dhcpcsvc.DLL
0x000007fefb140000 - 0x000007fefb151000 	C:\windows\system32\dhcpcsvc6.DLL
0x000007feee940000 - 0x000007feee94a000 	C:\Users\Administrator\AppData\Local\Temp\jansi-64-1-6075371734124001634.11
0x0000000060d20000 - 0x0000000060d44000 	D:\Program Files\Java\jdk1.8.0_151\jre\bin\sunec.dll
0x00000000610d0000 - 0x00000000610db000 	D:\Program Files\Java\jdk1.8.0_151\jre\bin\sunmscapi.dll
0x000007fefd070000 - 0x000007fefd1dd000 	C:\windows\system32\CRYPT32.dll
0x000007fefcf90000 - 0x000007fefcf9f000 	C:\windows\system32\MSASN1.dll

VM Arguments:
jvm_args: -Xmx512M -XX:MaxPermSize=256m -XX:ReservedCodeCacheSize=128m -Dsbt.log.format=true 
java_command: xsbt.boot.Boot run
java_class_path (initial): D:\Git\ydt1\sbt-dist\bin\sbt-launch.jar
Launcher Type: SUN_STANDARD

Environment Variables:
PATH=d:\Anaconda3;d:\Anaconda3\Library\mingw-w64\bin;d:\Anaconda3\Library\usr\bin;d:\Anaconda3\Library\bin;d:\Anaconda3\Scripts;D:\Program Files\Java\jdk1.8.0_151\bin;C:\ProgramData\Oracle\Java\javapath;C:\Program Files\VanDyke Software\Clients\;C:\Program Files (x86)\Intel\iCLS Client\;C:\Program Files\Intel\iCLS Client\;C:\windows\system32;C:\windows;C:\windows\System32\Wbem;C:\windows\System32\WindowsPowerShell\v1.0\;C:\Program Files\Intel\Intel(R) Management Engine Components\DAL;C:\Program Files\Intel\Intel(R) Management Engine Components\IPT;C:\Program Files (x86)\Intel\Intel(R) Management Engine Components\DAL;C:\Program Files (x86)\Intel\Intel(R) Management Engine Components\IPT;C:\Program Files (x86)\Intel\OpenCL SDK\3.0\bin\x86;C:\Program Files (x86)\Intel\OpenCL SDK\3.0\bin\x64;C:\Program Files\Lenovo\Fingerprint Manager Pro\;D:\Git\cmd;D:\Wind\Wind.NET.Client\WindNET\bin\;C:\SSH Secure Shell;C:\Program Files\Microsoft VS Code\bin;d:\Programs\Microsoft VS Code\bin;.;
USERNAME=Administrator
OS=Windows_NT
PROCESSOR_IDENTIFIER=Intel64 Family 6 Model 69 Stepping 1, GenuineIntel



---------------  S Y S T E M  ---------------

OS: Windows 7 , 64 bit Build 7601 (6.1.7601.23915)

CPU:total 4 (initial active 4) (2 cores per cpu, 2 threads per core) family 6 model 69 stepping 1, cmov, cx8, fxsr, mmx, sse, sse2, sse3, ssse3, sse4.1, sse4.2, popcnt, avx, avx2, clmul, erms, lzcnt, ht, tsc, tscinvbit, bmi1, bmi2

Memory: 4k page, physical 8085280k(647164k free), swap 8083420k(6504k free)

vm_info: Java HotSpot(TM) 64-Bit Server VM (25.151-b12) for windows-amd64 JRE (1.8.0_151-b12), built on Sep  5 2017 19:33:46 by "java_re" with MS VC++ 10.0 (VS2010)

time: Mon Feb 25 16:51:57 2019
elapsed time: 77 seconds (0d 0h 1m 17s)

